2023-06-13 10:32:54,464 [Worker-2: Loading available Gradle versions] INFO  o.e.b.c.i.u.g.PublishedGradleVersions - Gradle version information cache is up-to-date. Trying to read.
2023-06-13 10:35:38,543 [Worker-14: Importing Maven projects] INFO  o.e.m.c.i.l.LifecycleMappingFactory - Using org.eclipse.m2e.jdt.JarLifecycleMapping lifecycle mapping for MavenProject: com.ejada:task1-naming-server:0.0.1-SNAPSHOT @ C:\Users\Lenovo\eclipse-maven\microservices-projects\task1-naming-server\pom.xml.
2023-06-13 10:35:39,684 [Worker-14: Importing Maven projects] INFO  o.e.m.j.i.AbstractJavaProjectConfigurator - Adding source folder /task1-naming-server/src/main/java
2023-06-13 10:35:39,685 [Worker-14: Importing Maven projects] INFO  o.e.m.j.i.AbstractJavaProjectConfigurator - Adding resource folder /task1-naming-server/src/main/resources
2023-06-13 10:35:39,687 [Worker-14: Importing Maven projects] INFO  o.e.m.j.i.AbstractJavaProjectConfigurator - Adding resource folder /task1-naming-server/src/main/resources
2023-06-13 10:35:39,688 [Worker-14: Importing Maven projects] INFO  o.e.m.j.i.AbstractJavaProjectConfigurator - Adding source folder /task1-naming-server/src/test/java
2023-06-13 10:35:40,045 [Worker-14: Importing Maven projects] INFO  o.e.m.c.i.p.ProjectConfigurationManager - Imported and configured 1 project(s) in 2 sec
2023-06-13 10:35:40,951 [Worker-24: Building] INFO  o.a.m.s.f.DefaultMavenResourcesFiltering - Copying 1 resource from src\main\resources to target\classes
2023-06-13 10:35:40,969 [Worker-24: Building] INFO  o.a.m.s.f.DefaultMavenResourcesFiltering - Copying 0 resource from src\main\resources to target\classes
2023-06-13 10:35:40,973 [Worker-24: Building] INFO  o.a.m.s.f.DefaultMavenResourcesFiltering - skip non existing resourceDirectory C:\Users\Lenovo\eclipse-maven\microservices-projects\task1-naming-server\src\test\resources
2023-06-14 12:13:10,226 [Worker-270: Importing Maven projects] INFO  o.e.m.c.i.l.LifecycleMappingFactory - Using org.eclipse.m2e.jdt.JarLifecycleMapping lifecycle mapping for MavenProject: com.ejada:task2-gateway:0.0.1-SNAPSHOT @ C:\Users\Lenovo\eclipse-maven\task2-gateway\pom.xml.
2023-06-14 12:13:11,422 [Worker-270: Importing Maven projects] INFO  o.e.m.j.i.AbstractJavaProjectConfigurator - Adding source folder /task2-gateway/src/main/java
2023-06-14 12:13:11,422 [Worker-270: Importing Maven projects] INFO  o.e.m.j.i.AbstractJavaProjectConfigurator - Adding resource folder /task2-gateway/src/main/resources
2023-06-14 12:13:11,423 [Worker-270: Importing Maven projects] INFO  o.e.m.j.i.AbstractJavaProjectConfigurator - Adding resource folder /task2-gateway/src/main/resources
2023-06-14 12:13:11,423 [Worker-270: Importing Maven projects] INFO  o.e.m.j.i.AbstractJavaProjectConfigurator - Adding source folder /task2-gateway/src/test/java
2023-06-14 12:13:11,739 [Worker-270: Importing Maven projects] INFO  o.e.m.c.i.p.ProjectConfigurationManager - Imported and configured 1 project(s) in 2 sec
2023-06-14 12:13:12,304 [Worker-269: Building] INFO  o.a.m.s.f.DefaultMavenResourcesFiltering - Copying 1 resource from src\main\resources to target\classes
2023-06-14 12:13:12,320 [Worker-269: Building] INFO  o.a.m.s.f.DefaultMavenResourcesFiltering - Copying 0 resource from src\main\resources to target\classes
2023-06-14 12:13:12,323 [Worker-269: Building] INFO  o.a.m.s.f.DefaultMavenResourcesFiltering - skip non existing resourceDirectory C:\Users\Lenovo\eclipse-maven\task2-gateway\src\test\resources
2023-06-15 08:20:50,942 [Worker-4: Loading available Gradle versions] INFO  o.e.b.c.i.u.g.PublishedGradleVersions - Gradle version information cache is up-to-date. Trying to read.
2023-06-15 08:21:06,167 [Worker-18: Launching Task1NamingServerApplication] INFO  o.a.m.s.f.DefaultMavenResourcesFiltering - Copying 1 resource from src\main\resources to target\classes
2023-06-15 08:21:06,184 [Worker-18: Launching Task1NamingServerApplication] INFO  o.a.m.s.f.DefaultMavenResourcesFiltering - Copying 0 resource from src\main\resources to target\classes
2023-06-15 08:21:06,188 [Worker-18: Launching Task1NamingServerApplication] INFO  o.a.m.s.f.DefaultMavenResourcesFiltering - skip non existing resourceDirectory C:\Users\Lenovo\eclipse-maven\microservices-projects\task1-naming-server\src\test\resources
2023-06-15 08:21:07,315 [Worker-9: Building] INFO  o.a.m.s.f.DefaultMavenResourcesFiltering - Copying 1 resource from src\main\resources to target\classes
2023-06-15 08:21:07,329 [Worker-9: Building] INFO  o.a.m.s.f.DefaultMavenResourcesFiltering - Copying 0 resource from src\main\resources to target\classes
2023-06-15 08:21:07,334 [Worker-9: Building] INFO  o.a.m.s.f.DefaultMavenResourcesFiltering - skip non existing resourceDirectory C:\Users\Lenovo\eclipse-maven\task2-gateway\src\test\resources
2023-06-20 09:46:39,204 [Worker-774: Importing Maven projects] INFO  o.e.m.c.i.l.LifecycleMappingFactory - Using org.eclipse.m2e.jdt.JarLifecycleMapping lifecycle mapping for MavenProject: com.ejada:task1-config-server:0.0.1-SNAPSHOT @ C:\Users\Lenovo\eclipse-maven\task1-config-server\pom.xml.
2023-06-20 09:46:41,012 [Worker-774: Importing Maven projects] INFO  o.e.m.j.i.AbstractJavaProjectConfigurator - Adding source folder /task1-config-server/src/main/java
2023-06-20 09:46:41,012 [Worker-774: Importing Maven projects] INFO  o.e.m.j.i.AbstractJavaProjectConfigurator - Adding resource folder /task1-config-server/src/main/resources
2023-06-20 09:46:41,013 [Worker-774: Importing Maven projects] INFO  o.e.m.j.i.AbstractJavaProjectConfigurator - Adding resource folder /task1-config-server/src/main/resources
2023-06-20 09:46:41,013 [Worker-774: Importing Maven projects] INFO  o.e.m.j.i.AbstractJavaProjectConfigurator - Adding source folder /task1-config-server/src/test/java
2023-06-20 09:46:41,222 [Worker-774: Importing Maven projects] INFO  o.e.m.c.i.p.ProjectConfigurationManager - Imported and configured 1 project(s) in 4 sec
2023-06-20 09:46:41,945 [Worker-776: Building] INFO  o.a.m.s.f.DefaultMavenResourcesFiltering - Copying 1 resource from src\main\resources to target\classes
2023-06-20 09:46:41,961 [Worker-776: Building] INFO  o.a.m.s.f.DefaultMavenResourcesFiltering - Copying 0 resource from src\main\resources to target\classes
2023-06-20 09:46:41,965 [Worker-776: Building] INFO  o.a.m.s.f.DefaultMavenResourcesFiltering - skip non existing resourceDirectory C:\Users\Lenovo\eclipse-maven\task1-config-server\src\test\resources
2023-06-20 10:05:15,274 [Worker-780: Building] INFO  o.a.m.s.f.DefaultMavenResourcesFiltering - Copying 1 resource from src\main\resources to target\classes
2023-06-20 10:05:15,282 [Worker-780: Building] INFO  o.a.m.s.f.DefaultMavenResourcesFiltering - Copying 0 resource from src\main\resources to target\classes
2023-06-20 10:05:15,285 [Worker-780: Building] INFO  o.a.m.s.f.DefaultMavenResourcesFiltering - skip non existing resourceDirectory C:\Users\Lenovo\eclipse-maven\task1-config-server\src\test\resources
2023-06-20 10:34:48,306 [Worker-789: Building] INFO  o.a.m.s.f.DefaultMavenResourcesFiltering - Copying 1 resource from src\main\resources to target\classes
2023-06-20 10:34:48,359 [Worker-789: Building] INFO  o.a.m.s.f.DefaultMavenResourcesFiltering - Copying 0 resource from src\main\resources to target\classes
2023-06-20 10:34:48,363 [Worker-789: Building] INFO  o.a.m.s.f.DefaultMavenResourcesFiltering - skip non existing resourceDirectory C:\Users\Lenovo\eclipse-maven\microservices-projects\task1-naming-server\src\test\resources
2023-06-20 10:35:24,033 [Worker-792: Building] INFO  o.e.m.c.i.l.LifecycleMappingFactory - Using org.eclipse.m2e.jdt.JarLifecycleMapping lifecycle mapping for MavenProject: com.ejada:task1-naming-server:0.0.1-SNAPSHOT @ C:\Users\Lenovo\eclipse-maven\microservices-projects\task1-naming-server\pom.xml.
2023-06-20 10:35:24,627 [Worker-792: Building] INFO  o.a.m.s.f.DefaultMavenResourcesFiltering - Copying 0 resource from src\main\resources to target\classes
2023-06-20 10:35:24,627 [Worker-792: Building] INFO  o.a.m.s.f.DefaultMavenResourcesFiltering - Copying 0 resource from src\main\resources to target\classes
2023-06-20 10:35:24,631 [Worker-792: Building] INFO  o.a.m.s.f.DefaultMavenResourcesFiltering - skip non existing resourceDirectory C:\Users\Lenovo\eclipse-maven\microservices-projects\task1-naming-server\src\test\resources
2023-06-20 10:35:39,778 [Worker-791: Updating Maven Project] INFO  o.e.m.c.i.p.ProjectConfigurationManager - Update started
2023-06-20 10:35:39,916 [Worker-791: Updating Maven Project] INFO  o.e.m.c.i.l.LifecycleMappingFactory - Using org.eclipse.m2e.jdt.JarLifecycleMapping lifecycle mapping for MavenProject: com.ejada:task1-naming-server:0.0.1-SNAPSHOT @ C:\Users\Lenovo\eclipse-maven\microservices-projects\task1-naming-server\pom.xml.
2023-06-20 10:35:40,512 [Worker-791: Updating Maven Project] INFO  o.e.m.j.i.AbstractJavaProjectConfigurator - Adding source folder /task1-naming-server/src/main/java
2023-06-20 10:35:40,512 [Worker-791: Updating Maven Project] INFO  o.e.m.j.i.AbstractJavaProjectConfigurator - Adding resource folder /task1-naming-server/src/main/resources
2023-06-20 10:35:40,513 [Worker-791: Updating Maven Project] INFO  o.e.m.j.i.AbstractJavaProjectConfigurator - Adding resource folder /task1-naming-server/src/main/resources
2023-06-20 10:35:40,513 [Worker-791: Updating Maven Project] INFO  o.e.m.j.i.AbstractJavaProjectConfigurator - Adding source folder /task1-naming-server/src/test/java
2023-06-20 10:35:40,823 [Worker-791: Updating Maven Project] INFO  o.e.m.c.i.p.ProjectConfigurationManager - Update completed for 1 poms: local refresh takes 0.00 sec, refresh facades takes 0.00 sec, update config takes 0.00 sec 
2023-06-20 10:35:41,079 [Worker-789: Building] INFO  o.a.m.s.f.DefaultMavenResourcesFiltering - Copying 1 resource from src\main\resources to target\classes
2023-06-20 10:35:41,091 [Worker-789: Building] INFO  o.a.m.s.f.DefaultMavenResourcesFiltering - Copying 0 resource from src\main\resources to target\classes
2023-06-20 10:35:41,094 [Worker-789: Building] INFO  o.a.m.s.f.DefaultMavenResourcesFiltering - skip non existing resourceDirectory C:\Users\Lenovo\eclipse-maven\microservices-projects\task1-naming-server\src\test\resources
2023-06-20 10:36:33,134 [Worker-788: Building] INFO  o.a.m.s.f.DefaultMavenResourcesFiltering - Copying 1 resource from src\main\resources to target\classes
2023-06-20 10:36:33,137 [Worker-788: Building] INFO  o.a.m.s.f.DefaultMavenResourcesFiltering - Copying 0 resource from src\main\resources to target\classes
2023-06-20 10:36:33,140 [Worker-788: Building] INFO  o.a.m.s.f.DefaultMavenResourcesFiltering - skip non existing resourceDirectory C:\Users\Lenovo\eclipse-maven\microservices-projects\task1-naming-server\src\test\resources
2023-06-20 10:36:58,513 [Worker-21: Building] INFO  o.a.m.s.f.DefaultMavenResourcesFiltering - Copying 1 resource from src\main\resources to target\classes
2023-06-20 10:36:58,518 [Worker-21: Building] INFO  o.a.m.s.f.DefaultMavenResourcesFiltering - Copying 0 resource from src\main\resources to target\classes
2023-06-20 10:36:58,521 [Worker-21: Building] INFO  o.a.m.s.f.DefaultMavenResourcesFiltering - skip non existing resourceDirectory C:\Users\Lenovo\eclipse-maven\microservices-projects\task1-naming-server\src\test\resources
2023-06-20 10:37:08,100 [Worker-778: Building] INFO  o.e.m.c.i.l.LifecycleMappingFactory - Using org.eclipse.m2e.jdt.JarLifecycleMapping lifecycle mapping for MavenProject: com.ejada:task1-naming-server:0.0.1-SNAPSHOT @ C:\Users\Lenovo\eclipse-maven\microservices-projects\task1-naming-server\pom.xml.
2023-06-20 10:37:08,575 [Worker-778: Building] INFO  o.a.m.s.f.DefaultMavenResourcesFiltering - Copying 0 resource from src\main\resources to target\classes
2023-06-20 10:37:08,575 [Worker-778: Building] INFO  o.a.m.s.f.DefaultMavenResourcesFiltering - Copying 0 resource from src\main\resources to target\classes
2023-06-20 10:37:08,578 [Worker-778: Building] INFO  o.a.m.s.f.DefaultMavenResourcesFiltering - skip non existing resourceDirectory C:\Users\Lenovo\eclipse-maven\microservices-projects\task1-naming-server\src\test\resources
2023-06-20 10:37:18,019 [Worker-793: Updating Maven Project] INFO  o.e.m.c.i.p.ProjectConfigurationManager - Update started
2023-06-20 10:37:18,153 [Worker-793: Updating Maven Project] INFO  o.e.m.c.i.l.LifecycleMappingFactory - Using org.eclipse.m2e.jdt.JarLifecycleMapping lifecycle mapping for MavenProject: com.ejada:task1-naming-server:0.0.1-SNAPSHOT @ C:\Users\Lenovo\eclipse-maven\microservices-projects\task1-naming-server\pom.xml.
2023-06-20 10:37:18,533 [Worker-793: Updating Maven Project] INFO  o.e.m.j.i.AbstractJavaProjectConfigurator - Adding source folder /task1-naming-server/src/main/java
2023-06-20 10:37:18,534 [Worker-793: Updating Maven Project] INFO  o.e.m.j.i.AbstractJavaProjectConfigurator - Adding resource folder /task1-naming-server/src/main/resources
2023-06-20 10:37:18,534 [Worker-793: Updating Maven Project] INFO  o.e.m.j.i.AbstractJavaProjectConfigurator - Adding resource folder /task1-naming-server/src/main/resources
2023-06-20 10:37:18,534 [Worker-793: Updating Maven Project] INFO  o.e.m.j.i.AbstractJavaProjectConfigurator - Adding source folder /task1-naming-server/src/test/java
2023-06-20 10:37:18,768 [Worker-793: Updating Maven Project] INFO  o.e.m.c.i.p.ProjectConfigurationManager - Update completed for 1 poms: local refresh takes 0.00 sec, refresh facades takes 0.00 sec, update config takes 0.00 sec 
2023-06-20 10:37:18,990 [Worker-789: Building] INFO  o.a.m.s.f.DefaultMavenResourcesFiltering - Copying 1 resource from src\main\resources to target\classes
2023-06-20 10:37:19,010 [Worker-789: Building] INFO  o.a.m.s.f.DefaultMavenResourcesFiltering - Copying 0 resource from src\main\resources to target\classes
2023-06-20 10:37:19,014 [Worker-789: Building] INFO  o.a.m.s.f.DefaultMavenResourcesFiltering - skip non existing resourceDirectory C:\Users\Lenovo\eclipse-maven\microservices-projects\task1-naming-server\src\test\resources
